<?xml version="1.0" encoding="UTF-8"?>
<testng-results skipped="0" failed="0" ignored="0" total="5" passed="5">
  <reporter-output>
  </reporter-output>
  <suite name="BottomLine Test Suite" duration-ms="21489" started-at="2020-08-05T11:27:16Z" finished-at="2020-08-05T11:27:37Z">
    <groups>
    </groups>
    <test name="Amazon Test" duration-ms="21489" started-at="2020-08-05T11:27:16Z" finished-at="2020-08-05T11:27:37Z">
      <class name="testCases.ExampleTest">
        <test-method status="PASS" signature="generateTestReport()[pri:0, instance:testCases.ExampleTest@35fb3008]" name="generateTestReport" is-config="true" duration-ms="13" started-at="2020-08-05T11:27:16Z" finished-at="2020-08-05T11:27:16Z">
          <reporter-output>
          </reporter-output>
        </test-method> <!-- generateTestReport -->
        <test-method status="PASS" signature="setUp()[pri:0, instance:testCases.ExampleTest@35fb3008]" name="setUp" is-config="true" duration-ms="6902" started-at="2020-08-05T11:27:16Z" finished-at="2020-08-05T11:27:23Z">
          <reporter-output>
          </reporter-output>
        </test-method> <!-- setUp -->
        <test-method status="PASS" signature="setUpTest()[pri:0, instance:testCases.ExampleTest@35fb3008]" name="setUpTest" is-config="true" duration-ms="3853" started-at="2020-08-05T11:27:23Z" finished-at="2020-08-05T11:27:27Z">
          <reporter-output>
          </reporter-output>
        </test-method> <!-- setUpTest -->
        <test-method status="PASS" signature="validateMainPageIsAccessible()[pri:1, instance:testCases.ExampleTest@35fb3008]" name="validateMainPageIsAccessible" duration-ms="16" started-at="2020-08-05T11:27:27Z" description="Verify page loaded successfully " finished-at="2020-08-05T11:27:27Z">
          <reporter-output>
          </reporter-output>
        </test-method> <!-- validateMainPageIsAccessible -->
        <test-method status="PASS" signature="validateResults(java.lang.String)[pri:2, instance:testCases.ExampleTest@35fb3008]" name="validateResults" duration-ms="2778" started-at="2020-08-05T11:27:27Z" description="Validate page displays valid results " finished-at="2020-08-05T11:27:29Z">
          <params>
            <param index="0">
              <value>
                <![CDATA[Harry Potter and the Order of the Phoenix]]>
              </value>
            </param>
          </params>
          <reporter-output>
          </reporter-output>
        </test-method> <!-- validateResults -->
        <test-method status="PASS" signature="validateResultTitles(java.lang.String)[pri:3, instance:testCases.ExampleTest@35fb3008]" name="validateResultTitles" duration-ms="3454" started-at="2020-08-05T11:27:29Z" description="Validate result titles " finished-at="2020-08-05T11:27:33Z">
          <params>
            <param index="0">
              <value>
                <![CDATA[Harry Potter and the Order of the Phoenix]]>
              </value>
            </param>
          </params>
          <reporter-output>
          </reporter-output>
        </test-method> <!-- validateResultTitles -->
        <test-method status="PASS" signature="validateResultsWithFilter(java.lang.String)[pri:4, instance:testCases.ExampleTest@35fb3008]" name="validateResultsWithFilter" duration-ms="2661" started-at="2020-08-05T11:27:33Z" description="Validate page displays valid results when filter is applied" finished-at="2020-08-05T11:27:36Z">
          <params>
            <param index="0">
              <value>
                <![CDATA[Harry Potter and the Order of the Phoenix]]>
              </value>
            </param>
          </params>
          <reporter-output>
          </reporter-output>
        </test-method> <!-- validateResultsWithFilter -->
        <test-method status="PASS" signature="validateNoResultsFound(java.lang.String)[pri:5, instance:testCases.ExampleTest@35fb3008]" name="validateNoResultsFound" duration-ms="1783" started-at="2020-08-05T11:27:36Z" description="Validate no results is displayed in a case of no results " finished-at="2020-08-05T11:27:37Z">
          <params>
            <param index="0">
              <value>
                <![CDATA[Harry Pfghfghotter and thbjkhjke Order of the Phoenbnvnfgix]]>
              </value>
            </param>
          </params>
          <reporter-output>
          </reporter-output>
        </test-method> <!-- validateNoResultsFound -->
        <test-method status="PASS" signature="closeTestReport()[pri:0, instance:testCases.ExampleTest@35fb3008]" name="closeTestReport" is-config="true" duration-ms="3" started-at="2020-08-05T11:27:37Z" finished-at="2020-08-05T11:27:37Z">
          <reporter-output>
          </reporter-output>
        </test-method> <!-- closeTestReport -->
        <test-method status="PASS" signature="closeDriver()[pri:0, instance:testCases.ExampleTest@35fb3008]" name="closeDriver" is-config="true" duration-ms="719" started-at="2020-08-05T11:27:37Z" finished-at="2020-08-05T11:27:38Z">
          <reporter-output>
          </reporter-output>
        </test-method> <!-- closeDriver -->
      </class> <!-- testCases.ExampleTest -->
    </test> <!-- Amazon Test -->
  </suite> <!-- BottomLine Test Suite -->
</testng-results>
